<?xml version="1.0" encoding="UTF-8"?>
<!-- Generated by org.testng.reporters.JUnitXMLReporter -->
<testsuite hostname="Shree-PC" ignored="0" name="Default test" tests="3" failures="0" timestamp="10 Mar 2020 05:06:37 GMT" time="47.849" errors="0">
  <testcase name="contactsPageLableTest" time="0.075" classname="com.crm.qa.testcases.ContactsPageTest"/>
  <testcase name="selectContactsCheckboxTest" time="0.118" classname="com.crm.qa.testcases.ContactsPageTest"/>
  <testcase name="selectMultipleContactsCheckboxTest" time="0.192" classname="com.crm.qa.testcases.ContactsPageTest"/>
</testsuite> <!-- Default test -->
